2013.06.05, 08:13:26 ERROR - Error in reading input
java.io.FileNotFoundException:  (No such file or directory)
	at java.io.FileInputStream.open(Native Method)
	at java.io.FileInputStream.<init>(FileInputStream.java:120)
	at java.io.FileInputStream.<init>(FileInputStream.java:79)
	at Driver.main(Driver.java:45)
	at sun.reflect.NativeMethodAccessorImpl.invoke0(Native Method)
	at sun.reflect.NativeMethodAccessorImpl.invoke(NativeMethodAccessorImpl.java:39)
	at sun.reflect.DelegatingMethodAccessorImpl.invoke(DelegatingMethodAccessorImpl.java:25)
	at java.lang.reflect.Method.invoke(Method.java:597)
	at com.intellij.rt.execution.application.AppMain.main(AppMain.java:120)
2013.06.05, 08:20:05 ERROR - Error in reading input
java.io.FileNotFoundException:  (No such file or directory)
	at java.io.FileInputStream.open(Native Method)
	at java.io.FileInputStream.<init>(FileInputStream.java:120)
	at java.io.FileInputStream.<init>(FileInputStream.java:79)
	at Driver.main(Driver.java:46)
	at sun.reflect.NativeMethodAccessorImpl.invoke0(Native Method)
	at sun.reflect.NativeMethodAccessorImpl.invoke(NativeMethodAccessorImpl.java:39)
	at sun.reflect.DelegatingMethodAccessorImpl.invoke(DelegatingMethodAccessorImpl.java:25)
	at java.lang.reflect.Method.invoke(Method.java:597)
	at com.intellij.rt.execution.application.AppMain.main(AppMain.java:120)
2013.06.05, 08:21:13 INFO  - [
	{
		"name":"sb3cert",
		"host":"t3://esbdc02:8001",
		"maxRelativeToNowInDays":"0",
		"minRelativeToNowInDays":"-1",
		"state":"0",
		"user":"weblogic",
		"pass":"Fbs1fVAIqp2O196WaKQwKx9UqCaTBelH"
	}
]
